\BOOKMARK [1][-]{section.0.1}{\376\377\000C\000l\000a\000s\000s\000\040\000L\000i\000s\000t}{}% 1
\BOOKMARK [0][-]{chapter.1}{\376\377\000O\000p\000i\000s\000\040\000p\000r\000o\000g\000r\000a\000m\000u}{}% 2
\BOOKMARK [1][-]{section.1.1}{\376\377\000O\000g\000\363\000l\000n\000y\000\040\000o\000p\000i\000s}{chapter.1}% 3
\BOOKMARK [1][-]{section.1.2}{\376\377\000P\000r\000z\000y\000k\001\102\000a\000d\000y}{chapter.1}% 4
\BOOKMARK [0][-]{chapter.2}{\376\377\000C\000l\000a\000s\000s\000\040\000D\000o\000c\000u\000m\000e\000n\000t\000a\000t\000i\000o\000n}{}% 5
\BOOKMARK [1][-]{section.2.1}{\376\377\000B\000a\000s\000i\000c\000G\000a\000m\000e\000\040\000C\000l\000a\000s\000s\000\040\000R\000e\000f\000e\000r\000e\000n\000c\000e}{chapter.2}% 6
\BOOKMARK [2][-]{subsection.2.1.1}{\376\377\000M\000e\000m\000b\000e\000r\000\040\000F\000u\000n\000c\000t\000i\000o\000n\000\040\000D\000o\000c\000u\000m\000e\000n\000t\000a\000t\000i\000o\000n}{section.2.1}% 7
\BOOKMARK [3][-]{subsubsection.2.1.1.1}{\376\377\000a\000p\000p\000l\000y\000M\000o\000v\000e\000\050\000\051}{subsection.2.1.1}% 8
\BOOKMARK [3][-]{subsubsection.2.1.1.2}{\376\377\000a\000s\000k\000F\000o\000r\000H\000i\000n\000t\000\050\000\051}{subsection.2.1.1}% 9
\BOOKMARK [3][-]{subsubsection.2.1.1.3}{\376\377\000r\000e\000t\000r\000a\000c\000t\000M\000o\000v\000e\000\050\000\051}{subsection.2.1.1}% 10
\BOOKMARK [1][-]{section.2.2}{\376\377\000B\000a\000s\000i\000c\000I\000n\000t\000e\000r\000f\000a\000c\000e\000\040\000C\000l\000a\000s\000s\000\040\000R\000e\000f\000e\000r\000e\000n\000c\000e}{chapter.2}% 11
\BOOKMARK [2][-]{subsection.2.2.1}{\376\377\000M\000e\000m\000b\000e\000r\000\040\000F\000u\000n\000c\000t\000i\000o\000n\000\040\000D\000o\000c\000u\000m\000e\000n\000t\000a\000t\000i\000o\000n}{section.2.2}% 12
\BOOKMARK [3][-]{subsubsection.2.2.1.1}{\376\377\000d\000i\000s\000p\000l\000a\000y\000\050\000\051}{subsection.2.2.1}% 13
\BOOKMARK [3][-]{subsubsection.2.2.1.2}{\376\377\000i\000n\000i\000t\000i\000a\000t\000e\000\050\000\051}{subsection.2.2.1}% 14
\BOOKMARK [3][-]{subsubsection.2.2.1.3}{\376\377\000i\000n\000p\000u\000t\000\050\000\051}{subsection.2.2.1}% 15
\BOOKMARK [1][-]{section.2.3}{\376\377\000C\000o\000o\000r\000d\000i\000n\000a\000t\000e\000s\000\040\000C\000l\000a\000s\000s\000\040\000R\000e\000f\000e\000r\000e\000n\000c\000e}{chapter.2}% 16
\BOOKMARK [2][-]{subsection.2.3.1}{\376\377\000D\000e\000t\000a\000i\000l\000e\000d\000\040\000D\000e\000s\000c\000r\000i\000p\000t\000i\000o\000n}{section.2.3}% 17
\BOOKMARK [1][-]{section.2.4}{\376\377\000C\000o\000u\000n\000t\000d\000o\000w\000n\000T\000i\000m\000e\000r\000\040\000C\000l\000a\000s\000s\000\040\000R\000e\000f\000e\000r\000e\000n\000c\000e}{chapter.2}% 18
\BOOKMARK [2][-]{subsection.2.4.1}{\376\377\000D\000e\000t\000a\000i\000l\000e\000d\000\040\000D\000e\000s\000c\000r\000i\000p\000t\000i\000o\000n}{section.2.4}% 19
\BOOKMARK [1][-]{section.2.5}{\376\377\000E\000v\000e\000n\000t\000\040\000C\000l\000a\000s\000s\000\040\000R\000e\000f\000e\000r\000e\000n\000c\000e}{chapter.2}% 20
\BOOKMARK [2][-]{subsection.2.5.1}{\376\377\000D\000e\000t\000a\000i\000l\000e\000d\000\040\000D\000e\000s\000c\000r\000i\000p\000t\000i\000o\000n}{section.2.5}% 21
\BOOKMARK [2][-]{subsection.2.5.2}{\376\377\000M\000e\000m\000b\000e\000r\000\040\000F\000u\000n\000c\000t\000i\000o\000n\000\040\000D\000o\000c\000u\000m\000e\000n\000t\000a\000t\000i\000o\000n}{section.2.5}% 22
\BOOKMARK [3][-]{subsubsection.2.5.2.1}{\376\377\000r\000u\000n\000\050\000\051}{subsection.2.5.2}% 23
\BOOKMARK [1][-]{section.2.6}{\376\377\000E\000v\000e\000n\000t\000Q\000u\000e\000u\000e\000\040\000C\000l\000a\000s\000s\000\040\000R\000e\000f\000e\000r\000e\000n\000c\000e}{chapter.2}% 24
\BOOKMARK [1][-]{section.2.7}{\376\377\000G\000a\000m\000e\000\040\000C\000l\000a\000s\000s\000\040\000R\000e\000f\000e\000r\000e\000n\000c\000e}{chapter.2}% 25
\BOOKMARK [2][-]{subsection.2.7.1}{\376\377\000D\000e\000t\000a\000i\000l\000e\000d\000\040\000D\000e\000s\000c\000r\000i\000p\000t\000i\000o\000n}{section.2.7}% 26
\BOOKMARK [2][-]{subsection.2.7.2}{\376\377\000M\000e\000m\000b\000e\000r\000\040\000E\000n\000u\000m\000e\000r\000a\000t\000i\000o\000n\000\040\000D\000o\000c\000u\000m\000e\000n\000t\000a\000t\000i\000o\000n}{section.2.7}% 27
\BOOKMARK [3][-]{subsubsection.2.7.2.1}{\376\377\000G\000a\000m\000e\000S\000t\000a\000t\000e}{subsection.2.7.2}% 28
\BOOKMARK [2][-]{subsection.2.7.3}{\376\377\000M\000e\000m\000b\000e\000r\000\040\000F\000u\000n\000c\000t\000i\000o\000n\000\040\000D\000o\000c\000u\000m\000e\000n\000t\000a\000t\000i\000o\000n}{section.2.7}% 29
\BOOKMARK [3][-]{subsubsection.2.7.3.1}{\376\377\000a\000p\000p\000l\000y\000M\000o\000v\000e\000\050\000\051}{subsection.2.7.3}% 30
\BOOKMARK [3][-]{subsubsection.2.7.3.2}{\376\377\000a\000s\000k\000F\000o\000r\000H\000i\000n\000t\000\050\000\051}{subsection.2.7.3}% 31
\BOOKMARK [3][-]{subsubsection.2.7.3.3}{\376\377\000r\000e\000t\000r\000a\000c\000t\000M\000o\000v\000e\000\050\000\051}{subsection.2.7.3}% 32
\BOOKMARK [2][-]{subsection.2.7.4}{\376\377\000M\000e\000m\000b\000e\000r\000\040\000D\000a\000t\000a\000\040\000D\000o\000c\000u\000m\000e\000n\000t\000a\000t\000i\000o\000n}{section.2.7}% 33
\BOOKMARK [3][-]{subsubsection.2.7.4.1}{\376\377\000\137\000b\000a\000s\000e\000S\000u\000d\000o\000k\000u}{subsection.2.7.4}% 34
\BOOKMARK [3][-]{subsubsection.2.7.4.2}{\376\377\000\137\000f\000i\000l\000l\000e\000d\000S\000u\000d\000o\000k\000u}{subsection.2.7.4}% 35
\BOOKMARK [3][-]{subsubsection.2.7.4.3}{\376\377\000\137\000i\000n\000t\000e\000r\000f\000a\000c\000e}{subsection.2.7.4}% 36
\BOOKMARK [3][-]{subsubsection.2.7.4.4}{\376\377\000\137\000m\000o\000v\000e\000s}{subsection.2.7.4}% 37
\BOOKMARK [3][-]{subsubsection.2.7.4.5}{\376\377\000\137\000s\000u\000d\000o\000k\000u}{subsection.2.7.4}% 38
\BOOKMARK [1][-]{section.2.8}{\376\377\000H\000i\000n\000t\000\040\000C\000l\000a\000s\000s\000\040\000R\000e\000f\000e\000r\000e\000n\000c\000e}{chapter.2}% 39
\BOOKMARK [2][-]{subsection.2.8.1}{\376\377\000D\000e\000t\000a\000i\000l\000e\000d\000\040\000D\000e\000s\000c\000r\000i\000p\000t\000i\000o\000n}{section.2.8}% 40
\BOOKMARK [1][-]{section.2.9}{\376\377\000L\000i\000n\000k\000e\000d\000L\000i\000s\000t\000<\000\040\000T\000\040\000>\000\040\000C\000l\000a\000s\000s\000\040\000T\000e\000m\000p\000l\000a\000t\000e\000\040\000R\000e\000f\000e\000r\000e\000n\000c\000e}{chapter.2}% 41
\BOOKMARK [1][-]{section.2.10}{\376\377\000L\000i\000n\000k\000e\000d\000N\000o\000d\000e\000<\000\040\000T\000\040\000>\000\040\000C\000l\000a\000s\000s\000\040\000T\000e\000m\000p\000l\000a\000t\000e\000\040\000R\000e\000f\000e\000r\000e\000n\000c\000e}{chapter.2}% 42
\BOOKMARK [1][-]{section.2.11}{\376\377\000M\000i\000s\000t\000a\000k\000e\000C\000o\000u\000n\000t\000e\000r\000\040\000C\000l\000a\000s\000s\000\040\000R\000e\000f\000e\000r\000e\000n\000c\000e}{chapter.2}% 43
\BOOKMARK [2][-]{subsection.2.11.1}{\376\377\000D\000e\000t\000a\000i\000l\000e\000d\000\040\000D\000e\000s\000c\000r\000i\000p\000t\000i\000o\000n}{section.2.11}% 44
\BOOKMARK [1][-]{section.2.12}{\376\377\000M\000o\000v\000e\000\040\000C\000l\000a\000s\000s\000\040\000R\000e\000f\000e\000r\000e\000n\000c\000e}{chapter.2}% 45
\BOOKMARK [2][-]{subsection.2.12.1}{\376\377\000D\000e\000t\000a\000i\000l\000e\000d\000\040\000D\000e\000s\000c\000r\000i\000p\000t\000i\000o\000n}{section.2.12}% 46
\BOOKMARK [1][-]{section.2.13}{\376\377\000S\000u\000d\000o\000k\000u\000\040\000C\000l\000a\000s\000s\000\040\000R\000e\000f\000e\000r\000e\000n\000c\000e}{chapter.2}% 47
\BOOKMARK [2][-]{subsection.2.13.1}{\376\377\000D\000e\000t\000a\000i\000l\000e\000d\000\040\000D\000e\000s\000c\000r\000i\000p\000t\000i\000o\000n}{section.2.13}% 48
\BOOKMARK [2][-]{subsection.2.13.2}{\376\377\000M\000e\000m\000b\000e\000r\000\040\000F\000u\000n\000c\000t\000i\000o\000n\000\040\000D\000o\000c\000u\000m\000e\000n\000t\000a\000t\000i\000o\000n}{section.2.13}% 49
\BOOKMARK [3][-]{subsubsection.2.13.2.1}{\376\377\000a\000p\000p\000l\000y\000M\000o\000v\000e\000\050\000\051}{subsection.2.13.2}% 50
\BOOKMARK [3][-]{subsubsection.2.13.2.2}{\376\377\000a\000p\000p\000l\000y\000M\000o\000v\000e\000C\000o\000n\000d\000i\000t\000i\000o\000n\000a\000l\000l\000y\000\050\000\051}{subsection.2.13.2}% 51
\BOOKMARK [3][-]{subsubsection.2.13.2.3}{\376\377\000i\000s\000C\000o\000m\000p\000l\000e\000t\000e\000\050\000\051}{subsection.2.13.2}% 52
\BOOKMARK [3][-]{subsubsection.2.13.2.4}{\376\377\000r\000e\000t\000r\000a\000c\000t\000M\000o\000v\000e\000\050\000\051}{subsection.2.13.2}% 53
\BOOKMARK [1][-]{section.2.14}{\376\377\000S\000u\000d\000o\000k\000u\000G\000e\000n\000e\000r\000a\000t\000o\000r\000\040\000C\000l\000a\000s\000s\000\040\000R\000e\000f\000e\000r\000e\000n\000c\000e}{chapter.2}% 54
\BOOKMARK [2][-]{subsection.2.14.1}{\376\377\000D\000e\000t\000a\000i\000l\000e\000d\000\040\000D\000e\000s\000c\000r\000i\000p\000t\000i\000o\000n}{section.2.14}% 55
\BOOKMARK [1][-]{section.2.15}{\376\377\000T\000e\000s\000t\000\040\000C\000l\000a\000s\000s\000\040\000R\000e\000f\000e\000r\000e\000n\000c\000e}{chapter.2}% 56
\BOOKMARK [1][-]{section.2.16}{\376\377\000T\000i\000m\000e\000r\000\040\000C\000l\000a\000s\000s\000\040\000R\000e\000f\000e\000r\000e\000n\000c\000e}{chapter.2}% 57
\BOOKMARK [2][-]{subsection.2.16.1}{\376\377\000D\000e\000t\000a\000i\000l\000e\000d\000\040\000D\000e\000s\000c\000r\000i\000p\000t\000i\000o\000n}{section.2.16}% 58
\BOOKMARK [1][-]{section.2.17}{\376\377\000U\000s\000e\000r\000I\000n\000t\000e\000r\000f\000a\000c\000e\000\040\000C\000l\000a\000s\000s\000\040\000R\000e\000f\000e\000r\000e\000n\000c\000e}{chapter.2}% 59
\BOOKMARK [2][-]{subsection.2.17.1}{\376\377\000D\000e\000t\000a\000i\000l\000e\000d\000\040\000D\000e\000s\000c\000r\000i\000p\000t\000i\000o\000n}{section.2.17}% 60
\BOOKMARK [2][-]{subsection.2.17.2}{\376\377\000M\000e\000m\000b\000e\000r\000\040\000F\000u\000n\000c\000t\000i\000o\000n\000\040\000D\000o\000c\000u\000m\000e\000n\000t\000a\000t\000i\000o\000n}{section.2.17}% 61
\BOOKMARK [3][-]{subsubsection.2.17.2.1}{\376\377\000d\000i\000s\000p\000l\000a\000y\000\050\000\051}{subsection.2.17.2}% 62
\BOOKMARK [3][-]{subsubsection.2.17.2.2}{\376\377\000i\000n\000i\000t\000i\000a\000t\000e\000\050\000\051}{subsection.2.17.2}% 63
\BOOKMARK [3][-]{subsubsection.2.17.2.3}{\376\377\000i\000n\000p\000u\000t\000\050\000\051}{subsection.2.17.2}% 64
\BOOKMARK [3][-]{subsubsection.2.17.2.4}{\376\377\000r\000e\000n\000d\000e\000r\000\050\000\051}{subsection.2.17.2}% 65
\BOOKMARK [2][-]{subsection.2.17.3}{\376\377\000M\000e\000m\000b\000e\000r\000\040\000D\000a\000t\000a\000\040\000D\000o\000c\000u\000m\000e\000n\000t\000a\000t\000i\000o\000n}{section.2.17}% 66
\BOOKMARK [3][-]{subsubsection.2.17.3.1}{\376\377\000\137\000g\000a\000m\000e}{subsection.2.17.3}% 67
\BOOKMARK [3][-]{subsubsection.2.17.3.2}{\376\377\000\137\000m\000e\000s\000s\000a\000g\000e\000Q\000u\000e\000u\000e}{subsection.2.17.3}% 68
\BOOKMARK [0][-]{section*.32}{\376\377\000S\000k\000o\000r\000o\000w\000i\000d\000z}{}% 69
